-------------------------------------------------------------------------------
Test set: testrunner.AmazonTest
-------------------------------------------------------------------------------
Tests run: 1, Failures: 0, Errors: 1, Skipped: 0, Time elapsed: 0.766 s <<< FAILURE! - in testrunner.AmazonTest
Search a Product(Amazon search)  Time elapsed: 0.19 s  <<< ERROR!
io.cucumber.junit.UndefinedStepException: 
The step "I have a Search text field on Amazon page" is undefined. You can implement it using the snippet(s) below:

@Given("I have a Search text field on Amazon page")
public void i_have_a_search_text_field_on_amazon_page() {
    // Write code here that turns the phrase above into concrete actions
    throw new io.cucumber.java.PendingException();
}


Some other steps were also undefined:

@When("I Search a product name {string} and price {int}")
public void i_search_a_product_name_and_price(String string, Integer int1) {
    // Write code here that turns the phrase above into concrete actions
    throw new io.cucumber.java.PendingException();
}
@Then("Product with name {string} should be displayed")
public void product_with_name_should_be_displayed(String string) {
    // Write code here that turns the phrase above into concrete actions
    throw new io.cucumber.java.PendingException();
}


