<?xml version="1.0" encoding="UTF-8"?>
<testsuite xmlns:xsi="http://www.w3.org/2001/XMLSchema-instance" xsi:noNamespaceSchemaLocation="https://maven.apache.org/surefire/maven-surefire-plugin/xsd/surefire-test-report.xsd" name="testrunner.AmazonTest" time="0.766" tests="1" errors="1" skipped="0" failures="0">
  <properties>
[...]
</properties>
  <testcase name="Search a Product" classname="Amazon search" time="0.19">
    <error message="The step &quot;I have a Search text field on Amazon page&quot; is undefined. You can implement it using the snippet(s) below:&#10;&#10;@Given(&quot;I have a Search text field on Amazon page&quot;)&#10;public void i_have_a_search_text_field_on_amazon_page() {&#10;    // Write code here that turns the phrase above into concrete actions&#10;    throw new io.cucumber.java.PendingException();&#10;}&#10;&#10;&#10;Some other steps were also undefined:&#10;&#10;@When(&quot;I Search a product name {string} and price {int}&quot;)&#10;public void i_search_a_product_name_and_price(String string, Integer int1) {&#10;    // Write code here that turns the phrase above into concrete actions&#10;    throw new io.cucumber.java.PendingException();&#10;}&#10;@Then(&quot;Product with name {string} should be displayed&quot;)&#10;public void product_with_name_should_be_displayed(String string) {&#10;    // Write code here that turns the phrase above into concrete actions&#10;    throw new io.cucumber.java.PendingException();&#10;}&#10;" type="io.cucumber.junit.UndefinedStepException">io.cucumber.junit.UndefinedStepException: 
The step "I have a Search text field on Amazon page" is undefined. You can implement it using the snippet(s) below:

@Given("I have a Search text field on Amazon page")
public void i_have_a_search_text_field_on_amazon_page() {
    // Write code here that turns the phrase above into concrete actions
    throw new io.cucumber.java.PendingException();
}


Some other steps were also undefined:

@When("I Search a product name {string} and price {int}")
public void i_search_a_product_name_and_price(String string, Integer int1) {
    // Write code here that turns the phrase above into concrete actions
    throw new io.cucumber.java.PendingException();
}
@Then("Product with name {string} should be displayed")
public void product_with_name_should_be_displayed(String string) {
    // Write code here that turns the phrase above into concrete actions
    throw new io.cucumber.java.PendingException();
}

</error>
    <system-out><![CDATA[
Scenario: Search a Product                              &amp#27;[90m# src/test/java/FBFeatures/Search.feature:21&amp#27;[0m
  &amp#27;[33mGiven &amp#27;[0m&amp#27;[33mI have a Search text field on Amazon page&amp#27;[0m       &amp#27;[90m# null&amp#27;[0m
  &amp#27;[36mWhen &amp#27;[0m&amp#27;[36mI Search a product name "Iphone" and price 50000&amp#27;[0m &amp#27;[90m# null&amp#27;[0m
  &amp#27;[36mThen &amp#27;[0m&amp#27;[36mProduct with name "Iphone" should be displayed&amp#27;[0m   &amp#27;[90m# null&amp#27;[0m
]]></system-out>
  </testcase>
</testsuite>